InReal/app/build/intermediates/manifest_merge_blame_file/debug/manifest-merger-blame-debug-report.txt
1<?xml version="1.0" encoding="utf-8"?>
2<manifest xmlns:android="http://schemas.android.com/apk/res/android"
3    package="com.example.artry"
4    android:versionCode="1"
5    android:versionName="1.0" >
6
7    <uses-sdk
8        android:minSdkVersion="24"
8-->src\main\AndroidManifest.xml
9        android:targetSdkVersion="30" />
9-->src\main\AndroidManifest.xml
10
11    <uses-permission android:name="android.permission.CAMERA" />
11-->src\main\AndroidManifest.xml:5:5-65
11-->src\main\AndroidManifest.xml:5:22-62
12
13    <uses-feature
13-->src\main\AndroidManifest.xml:7:5-9:35
14        android:glEsVersion="0x00030000"
14-->src\main\AndroidManifest.xml:8:9-41
15        android:required="true" />
15-->src\main\AndroidManifest.xml:9:9-32
16    <uses-feature android:name="android.hardware.camera.ar" />
16-->src\main\AndroidManifest.xml:10:5-63
16-->src\main\AndroidManifest.xml:10:19-60
17
18    <application
18-->src\main\AndroidManifest.xml:12:5-70:19
19        android:allowBackup="true"
19-->src\main\AndroidManifest.xml:13:9-35
20        android:appComponentFactory="androidx.core.app.CoreComponentFactory"
20-->[androidx.core:core:1.3.1] AndroidManifest.xml:24:18-86
21        android:debuggable="true"
22        android:extractNativeLibs="false"
23        android:icon="@mipmap/ic_launcher"
23-->src\main\AndroidManifest.xml:14:9-43
24        android:label="@string/app_name"
24-->src\main\AndroidManifest.xml:15:9-41
25        android:roundIcon="@mipmap/ic_launcher_round"
25-->src\main\AndroidManifest.xml:16:9-54
26        android:supportsRtl="true"
26-->src\main\AndroidManifest.xml:17:9-35
27        android:testOnly="true"
28        android:theme="@style/Theme.AppCompat.Light.NoActionBar" >
28-->src\main\AndroidManifest.xml:18:9-65
29        <activity android:name="com.example.inreal.ARfoundtaion" />
29-->src\main\AndroidManifest.xml:19:9-59
29-->src\main\AndroidManifest.xml:19:19-47
30
31        <meta-data
31-->src\main\AndroidManifest.xml:21:9-23:40
32            android:name="com.google.ar.core"
32-->src\main\AndroidManifest.xml:22:13-46
33            android:value="required" />
33-->src\main\AndroidManifest.xml:23:13-37
34
35        <activity
35-->src\main\AndroidManifest.xml:25:9-31:20
36            android:name="com.example.inreal.FoodActivity"
36-->src\main\AndroidManifest.xml:26:13-41
37            android:label="@string/food_activity" >
37-->src\main\AndroidManifest.xml:27:13-50
38            <meta-data
38-->src\main\AndroidManifest.xml:28:13-30:75
39                android:name="android.support.PARENT_ACTIVITY"
39-->src\main\AndroidManifest.xml:29:17-63
40                android:value="com.example.inreal.FoodCategoryActivity" />
40-->src\main\AndroidManifest.xml:30:17-72
41        </activity>
42        <activity
42-->src\main\AndroidManifest.xml:32:9-38:20
43            android:name="com.example.inreal.FoodCategoryActivity"
43-->src\main\AndroidManifest.xml:33:13-49
44            android:label="@string/food_category_activity" >
44-->src\main\AndroidManifest.xml:34:13-59
45            <meta-data
45-->src\main\AndroidManifest.xml:28:13-30:75
46                android:name="android.support.PARENT_ACTIVITY"
46-->src\main\AndroidManifest.xml:29:17-63
47                android:value="com.example.inreal.MainActivity" />
47-->src\main\AndroidManifest.xml:30:17-72
48        </activity>
49        <activity
49-->src\main\AndroidManifest.xml:39:9-46:20
50            android:name="com.example.inreal.DrinkActivity"
50-->src\main\AndroidManifest.xml:40:13-42
51            android:label="@string/drink_activity"
51-->src\main\AndroidManifest.xml:41:13-51
52            android:parentActivityName="com.example.inreal.DrinkCategoryActivity" >
52-->src\main\AndroidManifest.xml:42:13-64
53            <meta-data
53-->src\main\AndroidManifest.xml:28:13-30:75
54                android:name="android.support.PARENT_ACTIVITY"
54-->src\main\AndroidManifest.xml:29:17-63
55                android:value="com.example.inreal.DrinkCategoryActivity" />
55-->src\main\AndroidManifest.xml:30:17-72
56        </activity>
57        <activity
57-->src\main\AndroidManifest.xml:47:9-54:20
58            android:name="com.example.inreal.DrinkCategoryActivity"
58-->src\main\AndroidManifest.xml:48:13-50
59            android:label="@string/drink_category_activity"
59-->src\main\AndroidManifest.xml:49:13-60
60            android:parentActivityName="com.example.inreal.MainActivity" >
60-->src\main\AndroidManifest.xml:50:13-55
61            <meta-data
61-->src\main\AndroidManifest.xml:28:13-30:75
62                android:name="android.support.PARENT_ACTIVITY"
62-->src\main\AndroidManifest.xml:29:17-63
63                android:value="com.example.inreal.MainActivity" />
63-->src\main\AndroidManifest.xml:30:17-72
64        </activity>
65        <activity
65-->src\main\AndroidManifest.xml:55:9-62:20
66            android:name="com.example.inreal.OrderActivity"
66-->src\main\AndroidManifest.xml:56:13-42
67            android:label="@string/create_order"
67-->src\main\AndroidManifest.xml:57:13-49
68            android:parentActivityName="com.example.inreal.MainActivity" >
68-->src\main\AndroidManifest.xml:58:13-55
69            <meta-data
69-->src\main\AndroidManifest.xml:28:13-30:75
70                android:name="android.support.PARENT_ACTIVITY"
70-->src\main\AndroidManifest.xml:29:17-63
71                android:value="com.example.inreal.MainActivity" />
71-->src\main\AndroidManifest.xml:30:17-72
72        </activity>
73        <activity android:name="com.example.inreal.MainActivity" >
73-->src\main\AndroidManifest.xml:63:9-69:20
73-->src\main\AndroidManifest.xml:63:19-47
74            <intent-filter>
74-->src\main\AndroidManifest.xml:64:13-68:29
75                <action android:name="android.intent.action.MAIN" />
75-->src\main\AndroidManifest.xml:65:17-69
75-->src\main\AndroidManifest.xml:65:25-66
76
77                <category android:name="android.intent.category.LAUNCHER" />
77-->src\main\AndroidManifest.xml:67:17-77
77-->src\main\AndroidManifest.xml:67:27-74
78            </intent-filter>
79        </activity>
80        <!-- The minimal version code of ARCore APK required for an app using this SDK. -->
81        <meta-data
81-->[com.google.ar:core:1.15.0] AndroidManifest.xml:33:9-35:41
82            android:name="com.google.ar.core.min_apk_version"
82-->[com.google.ar:core:1.15.0] AndroidManifest.xml:34:13-62
83            android:value="191106000" /> <!-- This activity is critical for installing ARCore when it is not already present. -->
83-->[com.google.ar:core:1.15.0] AndroidManifest.xml:35:13-38
84        <activity
84-->[com.google.ar:core:1.15.0] AndroidManifest.xml:37:9-43:80
85            android:name="com.google.ar.core.InstallActivity"
85-->[com.google.ar:core:1.15.0] AndroidManifest.xml:38:13-62
86            android:configChanges="keyboardHidden|orientation|screenSize"
86-->[com.google.ar:core:1.15.0] AndroidManifest.xml:39:13-74
87            android:excludeFromRecents="true"
87-->[com.google.ar:core:1.15.0] AndroidManifest.xml:40:13-46
88            android:exported="false"
88-->[com.google.ar:core:1.15.0] AndroidManifest.xml:41:13-37
89            android:launchMode="singleTop"
89-->[com.google.ar:core:1.15.0] AndroidManifest.xml:42:13-43
90            android:theme="@android:style/Theme.Material.Light.Dialog.Alert" />
90-->[com.google.ar:core:1.15.0] AndroidManifest.xml:43:13-77
91    </application>
92
93</manifest>